This file contains any messages produced by compilers while
running configure, to aid debugging if configure makes a mistake.

It was created by Maude Mode configure 0.2, which was
generated by GNU Autoconf 2.61.  Invocation command line was

  $ ./configure 

## --------- ##
## Platform. ##
## --------- ##

hostname = arracht.local
uname -m = i386
uname -r = 10.4.0
uname -s = Darwin
uname -v = Darwin Kernel Version 10.4.0: Fri Apr 23 18:28:53 PDT 2010; root:xnu-1504.7.4~1/RELEASE_I386

/usr/bin/uname -p = i386
/bin/uname -X     = unknown

/bin/arch              = unknown
/usr/bin/arch -k       = unknown
/usr/convex/getsysinfo = unknown
/usr/bin/hostinfo      = Mach kernel version:
	 Darwin Kernel Version 10.4.0: Fri Apr 23 18:28:53 PDT 2010; root:xnu-1504.7.4~1/RELEASE_I386
Kernel configured for up to 16 processors.
8 processors are physically available.
16 processors are logically available.
Processor type: i486 (Intel 80486)
Processors active: 0 1 2 3 4 5 6 7 8 9 10 11 12 13 14 15
Primary memory available: 16.00 gigabytes
Default processor set: 72 tasks, 363 threads, 16 processors
Load average: 0.03, Mach factor: 15.96
/bin/machine           = unknown
/usr/bin/oslevel       = unknown
/bin/universe          = unknown

PATH: /opt/local/bin
PATH: /opt/local/sbin
PATH: /System/Library/Frameworks/JavaVM.framework/Versions/CurrentJDK/Commands/
PATH: /usr/bin
PATH: /bin
PATH: /usr/sbin
PATH: /sbin
PATH: /usr/local/bin
PATH: /usr/texbin
PATH: /usr/X11/bin
PATH: /opt/local/bin
PATH: /Users/ehoning/maude/IOP/bin
PATH: /Users/ehoning/apps/Graphviz/Graphviz.app/Contents/MacOS
PATH: /Users/ehoning/maude/PLA/bin/PLA
PATH: /Users/ehoning/apps/Opera.app/Contents/MacOS
PATH: /Users/ehoning/occ/occ-maude-2.4
PATH: /Users/ehoning/occ/occ-prolog
PATH: /volumes/Data/apps/apache/apache-maven-2.2.1/bin
PATH: /Developer/usr/bin
PATH: /Volumes/Data/bin


## ----------- ##
## Core tests. ##
## ----------- ##

configure:1713: checking for a BSD-compatible install
configure:1769: result: /usr/bin/install -c
configure:1780: checking whether build environment is sane
configure:1823: result: yes
configure:1851: checking for a thread-safe mkdir -p
configure:1890: result: ./install-sh -c -d
configure:1903: checking for gawk
configure:1933: result: no
configure:1903: checking for mawk
configure:1933: result: no
configure:1903: checking for nawk
configure:1933: result: no
configure:1903: checking for awk
configure:1919: found /usr/bin/awk
configure:1930: result: awk
configure:1941: checking whether make sets $(MAKE)
configure:1962: result: yes
configure:2157: checking for emacs
configure:2173: found /usr/bin/emacs
configure:2184: result: emacs
configure:2208: checking where .elc files should go
configure:2221: $EMACS -batch -q -eval '(while load-path (princ (concat (car load-path) "
")) (setq load-path (cdr load-path)))' </dev/null >conftest.out
configure:2224: $? = 0
configure:2237: result: ${datarootdir}/emacs/site-lisp
configure:2377: creating ./config.status

## ---------------------- ##
## Running config.status. ##
## ---------------------- ##

This file was extended by Maude Mode config.status 0.2, which was
generated by GNU Autoconf 2.61.  Invocation command line was

  CONFIG_FILES    = 
  CONFIG_HEADERS  = 
  CONFIG_LINKS    = 
  CONFIG_COMMANDS = 
  $ ./config.status 

on arracht.local

config.status:591: creating Makefile

## ---------------- ##
## Cache variables. ##
## ---------------- ##

ac_cv_env_EMACSLOADPATH_set=
ac_cv_env_EMACSLOADPATH_value=
ac_cv_env_EMACS_set=
ac_cv_env_EMACS_value=
ac_cv_env_build_alias_set=
ac_cv_env_build_alias_value=
ac_cv_env_host_alias_set=
ac_cv_env_host_alias_value=
ac_cv_env_target_alias_set=
ac_cv_env_target_alias_value=
ac_cv_path_install='/usr/bin/install -c'
ac_cv_prog_AWK=awk
ac_cv_prog_EMACS=emacs
ac_cv_prog_make_make_set=yes
am_cv_lispdir='${datarootdir}/emacs/site-lisp'

## ----------------- ##
## Output variables. ##
## ----------------- ##

ACLOCAL='${SHELL} /Volumes/Data/maude/maude-mode-0.2/missing --run aclocal-1.10'
AMTAR='${SHELL} /Volumes/Data/maude/maude-mode-0.2/missing --run tar'
AUTOCONF='${SHELL} /Volumes/Data/maude/maude-mode-0.2/missing --run autoconf'
AUTOHEADER='${SHELL} /Volumes/Data/maude/maude-mode-0.2/missing --run autoheader'
AUTOMAKE='${SHELL} /Volumes/Data/maude/maude-mode-0.2/missing --run automake-1.10'
AWK='awk'
CYGPATH_W='echo'
DEFS='-DPACKAGE_NAME=\"Maude\ Mode\" -DPACKAGE_TARNAME=\"maude-mode\" -DPACKAGE_VERSION=\"0.2\" -DPACKAGE_STRING=\"Maude\ Mode\ 0.2\" -DPACKAGE_BUGREPORT=\"rudi@users.sourceforge.net\" -DPACKAGE=\"maude-mode\" -DVERSION=\"0.2\"'
ECHO_C='ECHO_N=''
ECHO_T=''
EMACS='emacs'
EMACSLOADPATH=''
INSTALL_DATA='${INSTALL} -m 644'
INSTALL_PROGRAM='${INSTALL}'
INSTALL_SCRIPT='${INSTALL}'
INSTALL_STRIP_PROGRAM='$(install_sh) -c -s'
LIBOBJS=''
LIBS=''
LTLIBOBJS=''
MAKEINFO='${SHELL} /Volumes/Data/maude/maude-mode-0.2/missing --run makeinfo'
PACKAGE='maude-mode'
PACKAGE_BUGREPORT='rudi@users.sourceforge.net'
PACKAGE_NAME='Maude Mode'
PACKAGE_STRING='Maude Mode 0.2'
PACKAGE_TARNAME='maude-mode'
PACKAGE_VERSION='0.2'
PATH_SEPARATOR=':'
SET_MAKE=''
SHELL='/bin/sh'
STRIP=''
VERSION='0.2'
am__isrc=''
am__leading_dot='.'
am__tar='${AMTAR} chof - "$$tardir"'
am__untar='${AMTAR} xf -'
bindir='${exec_prefix}/bin'
build_alias=''
datadir='${datarootdir}'
datarootdir='${prefix}/share'
docdir='${datarootdir}/doc/${PACKAGE_TARNAME}'
dvidir='${docdir}'
exec_prefix='${prefix}'
host_alias=''
htmldir='${docdir}'
includedir='${prefix}/include'
infodir='${datarootdir}/info'
install_sh='$(SHELL) /Volumes/Data/maude/maude-mode-0.2/install-sh'
libdir='${exec_prefix}/lib'
libexecdir='${exec_prefix}/libexec'
lispdir='${datarootdir}/emacs/site-lisp'
localedir='${datarootdir}/locale'
localstatedir='${prefix}/var'
mandir='${datarootdir}/man'
mkdir_p='$(top_builddir)/./install-sh -c -d'
oldincludedir='/usr/include'
pdfdir='${docdir}'
prefix='/usr/local'
program_transform_name='s,x,x,'
psdir='${docdir}'
sbindir='${exec_prefix}/sbin'
sharedstatedir='${prefix}/com'
sysconfdir='${prefix}/etc'
target_alias=''

## ----------- ##
## confdefs.h. ##
## ----------- ##

#define PACKAGE_NAME "Maude Mode"
#define PACKAGE_TARNAME "maude-mode"
#define PACKAGE_VERSION "0.2"
#define PACKAGE_STRING "Maude Mode 0.2"
#define PACKAGE_BUGREPORT "rudi@users.sourceforge.net"
#define PACKAGE "maude-mode"
#define VERSION "0.2"

configure: exit 0
